<?xml version="1.0" encoding="UTF-8"?>
<!-- Generated by org.testng.reporters.JUnitReportReporter -->
<testsuite skipped="0" hostname="Jayashrees-MacBook-Air.local" name="Com.JC.TestCases.Req4_GET_request_toStats" tests="1" failures="0" timestamp="2022-03-28T21:48:36 IST" time="1.142" errors="0">
  <testcase name="getStats" time="1.142" classname="Com.JC.TestCases.Req4_GET_request_toStats"/>
  <system-out/>
</testsuite> <!-- Com.JC.TestCases.Req4_GET_request_toStats -->
