<?xml version="1.0" encoding="UTF-8"?>
<!-- Generated by org.testng.reporters.JUnitReportReporter -->
<testsuite skipped="0" hostname="Jayashrees-MacBook-Air.local" name="Com.JC.TestCases.Req2_Hashingpassword_toBase64TCs" tests="1" failures="0" timestamp="2022-03-28T11:14:28 IST" time="1.764" errors="0">
  <testcase name="Get_Base64_Password" time="1.764" classname="Com.JC.TestCases.Req2_Hashingpassword_toBase64TCs"/>
  <system-out/>
</testsuite> <!-- Com.JC.TestCases.Req2_Hashingpassword_toBase64TCs -->
