<?xml version="1.0" encoding="UTF-8"?>
<!-- Generated by org.testng.reporters.JUnitReportReporter -->
<testsuite skipped="0" hostname="Jayashrees-MacBook-Air.local" name="Com.JC.TestCases.TC1_Pinging_HashURI" tests="4" failures="0" timestamp="2022-03-28T00:05:43 IST" time="16.556" errors="0">
  <testcase name="Get_Job_Identifier" time="6.469" classname="Com.JC.TestCases.TC1_Pinging_HashURI"/>
  <system-out/>
  <testcase name="Job_Identifier_Immediate_Return" time="0.002" classname="Com.JC.TestCases.TC1_Pinging_HashURI"/>
  <system-out/>
  <testcase name="noBodyinJson" time="5.046" classname="Com.JC.TestCases.TC1_Pinging_HashURI"/>
  <system-out/>
  <testcase name="empty_password" time="5.039" classname="Com.JC.TestCases.TC1_Pinging_HashURI"/>
  <system-out/>
</testsuite> <!-- Com.JC.TestCases.TC1_Pinging_HashURI -->
