<?xml version="1.0" encoding="UTF-8"?>
<!-- Generated by org.testng.reporters.JUnitReportReporter -->
<testsuite skipped="0" hostname="Jayashrees-MacBook-Air.local" name="Com.JC.TestCases.Req2_POST_request_Return_JobIdentifierTCs" tests="4" failures="0" timestamp="2022-03-28T21:48:36 IST" time="16.908" errors="0">
  <testcase name="Get_Job_Identifier" time="6.736" classname="Com.JC.TestCases.Req2_POST_request_Return_JobIdentifierTCs"/>
  <system-out/>
  <testcase name="Job_Identifier_Immediate_Return" time="0.004" classname="Com.JC.TestCases.Req2_POST_request_Return_JobIdentifierTCs"/>
  <system-out/>
  <testcase name="noBodyinJson" time="5.096" classname="Com.JC.TestCases.Req2_POST_request_Return_JobIdentifierTCs"/>
  <system-out/>
  <testcase name="empty_password" time="5.072" classname="Com.JC.TestCases.Req2_POST_request_Return_JobIdentifierTCs"/>
  <system-out/>
</testsuite> <!-- Com.JC.TestCases.Req2_POST_request_Return_JobIdentifierTCs -->
