<?xml version="1.0" encoding="UTF-8"?>
<!-- Generated by org.testng.reporters.JUnitReportReporter -->
<testsuite skipped="0" hostname="Jayashrees-MacBook-Air.local" name="Com.JC.TestCases.Req3_GET_request_Base64EncodedTCs" tests="3" failures="0" timestamp="2022-03-28T21:48:36 IST" time="0.210" errors="0">
  <testcase name="Get_Base64_Password" time="0.074" classname="Com.JC.TestCases.Req3_GET_request_Base64EncodedTCs"/>
  <system-out/>
  <testcase name="Get_request_fail_withNo_job_iD" time="0.092" classname="Com.JC.TestCases.Req3_GET_request_Base64EncodedTCs"/>
  <system-out/>
  <testcase name="Get_request_fail_with_non_existent_JID" time="0.044" classname="Com.JC.TestCases.Req3_GET_request_Base64EncodedTCs"/>
  <system-out/>
</testsuite> <!-- Com.JC.TestCases.Req3_GET_request_Base64EncodedTCs -->
