<?xml version="1.0" encoding="UTF-8"?>
<!-- Generated by org.testng.reporters.JUnitReportReporter -->
<testsuite skipped="0" hostname="Jayashrees-MacBook-Air.local" name="Com.JC.TestCases.Req2_GetJobIDentifierTCs" tests="3" failures="0" timestamp="2022-03-28T21:35:15 IST" time="0.361" errors="0">
  <testcase name="Get_Base64_Password" time="0.120" classname="Com.JC.TestCases.Req2_GetJobIDentifierTCs"/>
  <system-out/>
  <testcase name="Get_request_fail_withNo_job_iD" time="0.146" classname="Com.JC.TestCases.Req2_GetJobIDentifierTCs"/>
  <system-out/>
  <testcase name="Get_request_fail_with_non_existent_JID" time="0.095" classname="Com.JC.TestCases.Req2_GetJobIDentifierTCs"/>
  <system-out/>
</testsuite> <!-- Com.JC.TestCases.Req2_GetJobIDentifierTCs -->
